Determining if the include file arm_neon.h exists failed with the following output:
Change Dir: /mnt/d/Projects/GENFrameWork/ThirdPartyLibraries/openal-soft/Platforms/Linux/x64/CMakeFiles/CMakeTmp

Run Build Command(s):/usr/bin/ninja cmTC_13d7f && [1/2] Building C object CMakeFiles/cmTC_13d7f.dir/CheckIncludeFile.c.o
FAILED: CMakeFiles/cmTC_13d7f.dir/CheckIncludeFile.c.o 
/usr/lib/ccache/gcc    -o CMakeFiles/cmTC_13d7f.dir/CheckIncludeFile.c.o -c CheckIncludeFile.c
CheckIncludeFile.c:1:10: fatal error: arm_neon.h: No such file or directory
    1 | #include <arm_neon.h>
      |          ^~~~~~~~~~~~
compilation terminated.
ninja: build stopped: subcommand failed.



Determining if the include file intrin.h exists failed with the following output:
Change Dir: /mnt/d/Projects/GENFrameWork/ThirdPartyLibraries/openal-soft/Platforms/Linux/x64/CMakeFiles/CMakeTmp

Run Build Command(s):/usr/bin/ninja cmTC_daa0e && [1/2] Building C object CMakeFiles/cmTC_daa0e.dir/CheckIncludeFile.c.o
FAILED: CMakeFiles/cmTC_daa0e.dir/CheckIncludeFile.c.o 
/usr/lib/ccache/gcc    -o CMakeFiles/cmTC_daa0e.dir/CheckIncludeFile.c.o -c CheckIncludeFile.c
CheckIncludeFile.c:1:10: fatal error: intrin.h: No such file or directory
    1 | #include <intrin.h>
      |          ^~~~~~~~~~
compilation terminated.
ninja: build stopped: subcommand failed.



Determining if the include file guiddef.h exists failed with the following output:
Change Dir: /mnt/d/Projects/GENFrameWork/ThirdPartyLibraries/openal-soft/Platforms/Linux/x64/CMakeFiles/CMakeTmp

Run Build Command(s):/usr/bin/ninja cmTC_17495 && [1/2] Building C object CMakeFiles/cmTC_17495.dir/CheckIncludeFile.c.o
FAILED: CMakeFiles/cmTC_17495.dir/CheckIncludeFile.c.o 
/usr/lib/ccache/gcc    -o CMakeFiles/cmTC_17495.dir/CheckIncludeFile.c.o -c CheckIncludeFile.c
CheckIncludeFile.c:1:10: fatal error: guiddef.h: No such file or directory
    1 | #include <guiddef.h>
      |          ^~~~~~~~~~~
compilation terminated.
ninja: build stopped: subcommand failed.



Determining if the include file initguid.h exists failed with the following output:
Change Dir: /mnt/d/Projects/GENFrameWork/ThirdPartyLibraries/openal-soft/Platforms/Linux/x64/CMakeFiles/CMakeTmp

Run Build Command(s):/usr/bin/ninja cmTC_30cbb && [1/2] Building C object CMakeFiles/cmTC_30cbb.dir/CheckIncludeFile.c.o
FAILED: CMakeFiles/cmTC_30cbb.dir/CheckIncludeFile.c.o 
/usr/lib/ccache/gcc    -o CMakeFiles/cmTC_30cbb.dir/CheckIncludeFile.c.o -c CheckIncludeFile.c
CheckIncludeFile.c:1:10: fatal error: initguid.h: No such file or directory
    1 | #include <initguid.h>
      |          ^~~~~~~~~~~~
compilation terminated.
ninja: build stopped: subcommand failed.



Determining if the _aligned_malloc exist failed with the following output:
Change Dir: /mnt/d/Projects/GENFrameWork/ThirdPartyLibraries/openal-soft/Platforms/Linux/x64/CMakeFiles/CMakeTmp

Run Build Command(s):/usr/bin/ninja cmTC_7b843 && [1/2] Building C object CMakeFiles/cmTC_7b843.dir/CheckSymbolExists.c.o
FAILED: CMakeFiles/cmTC_7b843.dir/CheckSymbolExists.c.o 
/usr/lib/ccache/gcc    -o CMakeFiles/cmTC_7b843.dir/CheckSymbolExists.c.o -c CheckSymbolExists.c
CheckSymbolExists.c: In function ‘main’:
CheckSymbolExists.c:8:19: error: ‘_aligned_malloc’ undeclared (first use in this function)
    8 |   return ((int*)(&_aligned_malloc))[argc];
      |                   ^~~~~~~~~~~~~~~
CheckSymbolExists.c:8:19: note: each undeclared identifier is reported only once for each function it appears in
ninja: build stopped: subcommand failed.


File /mnt/d/Projects/GENFrameWork/ThirdPartyLibraries/openal-soft/Platforms/Linux/x64/CMakeFiles/CMakeTmp/CheckSymbolExists.c:
/* */
#include <malloc.h>

int main(int argc, char** argv)
{
  (void)argv;
#ifndef _aligned_malloc
  return ((int*)(&_aligned_malloc))[argc];
#else
  (void)argc;
  return 0;
#endif
}
Determining if the proc_pidpath exist failed with the following output:
Change Dir: /mnt/d/Projects/GENFrameWork/ThirdPartyLibraries/openal-soft/Platforms/Linux/x64/CMakeFiles/CMakeTmp

Run Build Command(s):/usr/bin/ninja cmTC_b51cc && [1/2] Building C object CMakeFiles/cmTC_b51cc.dir/CheckSymbolExists.c.o
FAILED: CMakeFiles/cmTC_b51cc.dir/CheckSymbolExists.c.o 
/usr/lib/ccache/gcc    -o CMakeFiles/cmTC_b51cc.dir/CheckSymbolExists.c.o -c CheckSymbolExists.c
CheckSymbolExists.c:2:10: fatal error: libproc.h: No such file or directory
    2 | #include <libproc.h>
      |          ^~~~~~~~~~~
compilation terminated.
ninja: build stopped: subcommand failed.


File /mnt/d/Projects/GENFrameWork/ThirdPartyLibraries/openal-soft/Platforms/Linux/x64/CMakeFiles/CMakeTmp/CheckSymbolExists.c:
/* */
#include <libproc.h>

int main(int argc, char** argv)
{
  (void)argv;
#ifndef proc_pidpath
  return ((int*)(&proc_pidpath))[argc];
#else
  (void)argc;
  return 0;
#endif
}
Determining if files pthread.h;pthread_np.h exist failed with the following output:
Change Dir: /mnt/d/Projects/GENFrameWork/ThirdPartyLibraries/openal-soft/Platforms/Linux/x64/CMakeFiles/CMakeTmp

Run Build Command(s):/usr/bin/ninja cmTC_36a48 && [1/2] Building C object CMakeFiles/cmTC_36a48.dir/HAVE_PTHREAD_NP_H.c.o
FAILED: CMakeFiles/cmTC_36a48.dir/HAVE_PTHREAD_NP_H.c.o 
/usr/lib/ccache/gcc   -pthread -o CMakeFiles/cmTC_36a48.dir/HAVE_PTHREAD_NP_H.c.o -c /mnt/d/Projects/GENFrameWork/ThirdPartyLibraries/openal-soft/Platforms/Linux/x64/CMakeFiles/CheckIncludeFiles/HAVE_PTHREAD_NP_H.c
/mnt/d/Projects/GENFrameWork/ThirdPartyLibraries/openal-soft/Platforms/Linux/x64/CMakeFiles/CheckIncludeFiles/HAVE_PTHREAD_NP_H.c:3:10: fatal error: pthread_np.h: No such file or directory
    3 | #include <pthread_np.h>
      |          ^~~~~~~~~~~~~~
compilation terminated.
ninja: build stopped: subcommand failed.


Source:
/* */
#include <pthread.h>
#include <pthread_np.h>


int main(void){return 0;}

Determining if the pthread_setname_np exist failed with the following output:
Change Dir: /mnt/d/Projects/GENFrameWork/ThirdPartyLibraries/openal-soft/Platforms/Linux/x64/CMakeFiles/CMakeTmp

Run Build Command(s):/usr/bin/ninja cmTC_88f2c && [1/2] Building C object CMakeFiles/cmTC_88f2c.dir/CheckSymbolExists.c.o
FAILED: CMakeFiles/cmTC_88f2c.dir/CheckSymbolExists.c.o 
/usr/lib/ccache/gcc   -pthread -o CMakeFiles/cmTC_88f2c.dir/CheckSymbolExists.c.o -c CheckSymbolExists.c
CheckSymbolExists.c: In function ‘main’:
CheckSymbolExists.c:8:19: error: ‘pthread_setname_np’ undeclared (first use in this function); did you mean ‘pthread_setcanceltype’?
    8 |   return ((int*)(&pthread_setname_np))[argc];
      |                   ^~~~~~~~~~~~~~~~~~
      |                   pthread_setcanceltype
CheckSymbolExists.c:8:19: note: each undeclared identifier is reported only once for each function it appears in
ninja: build stopped: subcommand failed.


File /mnt/d/Projects/GENFrameWork/ThirdPartyLibraries/openal-soft/Platforms/Linux/x64/CMakeFiles/CMakeTmp/CheckSymbolExists.c:
/* */
#include <pthread.h>

int main(int argc, char** argv)
{
  (void)argv;
#ifndef pthread_setname_np
  return ((int*)(&pthread_setname_np))[argc];
#else
  (void)argc;
  return 0;
#endif
}
Determining if the pthread_set_name_np exist failed with the following output:
Change Dir: /mnt/d/Projects/GENFrameWork/ThirdPartyLibraries/openal-soft/Platforms/Linux/x64/CMakeFiles/CMakeTmp

Run Build Command(s):/usr/bin/ninja cmTC_95fe4 && [1/2] Building C object CMakeFiles/cmTC_95fe4.dir/CheckSymbolExists.c.o
FAILED: CMakeFiles/cmTC_95fe4.dir/CheckSymbolExists.c.o 
/usr/lib/ccache/gcc   -pthread -o CMakeFiles/cmTC_95fe4.dir/CheckSymbolExists.c.o -c CheckSymbolExists.c
CheckSymbolExists.c: In function ‘main’:
CheckSymbolExists.c:8:19: error: ‘pthread_set_name_np’ undeclared (first use in this function); did you mean ‘pthread_setcanceltype’?
    8 |   return ((int*)(&pthread_set_name_np))[argc];
      |                   ^~~~~~~~~~~~~~~~~~~
      |                   pthread_setcanceltype
CheckSymbolExists.c:8:19: note: each undeclared identifier is reported only once for each function it appears in
ninja: build stopped: subcommand failed.


File /mnt/d/Projects/GENFrameWork/ThirdPartyLibraries/openal-soft/Platforms/Linux/x64/CMakeFiles/CMakeTmp/CheckSymbolExists.c:
/* */
#include <pthread.h>

int main(int argc, char** argv)
{
  (void)argv;
#ifndef pthread_set_name_np
  return ((int*)(&pthread_set_name_np))[argc];
#else
  (void)argc;
  return 0;
#endif
}
