cl : command line warning D9035: option 'Gm' has been deprecated and will be removed in a future release
cl : command line warning D9007: '/Gm' requires '/Zi or /ZI'; option ignored
  agg_bezier_arc.cpp
  agg_bspline.cpp
  agg_curves.cpp
  agg_gsv_text.cpp
D:\GENFrameWork\ThirdPartyLibraries\agg\src\agg_gsv_text.cpp(553,20): warning C4996: 'fopen': This function or variable may be unsafe. Consider using fopen_s instead. To disable deprecation, use _CRT_SECURE_NO_WARNINGS. See online help for details.
  agg_sqrt_tables.cpp
  agg_trans_affine.cpp
  agg_vcgen_stroke.cpp
  agg_gamma_ctrl.cpp
D:\GENFrameWork\ThirdPartyLibraries\agg\src\ctrl\agg_gamma_ctrl.cpp(248,13): warning C4996: 'sprintf': This function or variable may be unsafe. Consider using sprintf_s instead. To disable deprecation, use _CRT_SECURE_NO_WARNINGS. See online help for details.
  agg_gamma_spline.cpp
  agg_rbox_ctrl.cpp
D:\GENFrameWork\ThirdPartyLibraries\agg\src\ctrl\agg_rbox_ctrl.cpp(67,13): warning C4996: 'strcpy': This function or variable may be unsafe. Consider using strcpy_s instead. To disable deprecation, use _CRT_SECURE_NO_WARNINGS. See online help for details.
  agg_slider_ctrl.cpp
D:\GENFrameWork\ThirdPartyLibraries\agg\src\ctrl\agg_slider_ctrl.cpp(170,17): warning C4996: 'sprintf': This function or variable may be unsafe. Consider using sprintf_s instead. To disable deprecation, use _CRT_SECURE_NO_WARNINGS. See online help for details.
  agg_spline_ctrl.cpp
  agg_platform_support.cpp
D:\GENFrameWork\ThirdPartyLibraries\agg\src\platform\win32\agg_platform_support.cpp(573,9): warning C4996: 'strcpy': This function or variable may be unsafe. Consider using strcpy_s instead. To disable deprecation, use _CRT_SECURE_NO_WARNINGS. See online help for details.
D:\GENFrameWork\ThirdPartyLibraries\agg\src\platform\win32\agg_platform_support.cpp(588,9): warning C4996: 'strcpy': This function or variable may be unsafe. Consider using strcpy_s instead. To disable deprecation, use _CRT_SECURE_NO_WARNINGS. See online help for details.
D:\GENFrameWork\ThirdPartyLibraries\agg\src\platform\win32\agg_platform_support.cpp(1126,13): warning C4996: 'strcpy': This function or variable may be unsafe. Consider using strcpy_s instead. To disable deprecation, use _CRT_SECURE_NO_WARNINGS. See online help for details.
D:\GENFrameWork\ThirdPartyLibraries\agg\src\platform\win32\agg_platform_support.cpp(1128,27): warning C4996: 'stricmp': The POSIX name for this item is deprecated. Instead, use the ISO C and C++ conformant name: _stricmp. See online help for details.
D:\GENFrameWork\ThirdPartyLibraries\agg\src\platform\win32\agg_platform_support.cpp(1130,17): warning C4996: 'strcat': This function or variable may be unsafe. Consider using strcat_s instead. To disable deprecation, use _CRT_SECURE_NO_WARNINGS. See online help for details.
D:\GENFrameWork\ThirdPartyLibraries\agg\src\platform\win32\agg_platform_support.cpp(1145,13): warning C4996: 'strcpy': This function or variable may be unsafe. Consider using strcpy_s instead. To disable deprecation, use _CRT_SECURE_NO_WARNINGS. See online help for details.
D:\GENFrameWork\ThirdPartyLibraries\agg\src\platform\win32\agg_platform_support.cpp(1147,27): warning C4996: 'stricmp': The POSIX name for this item is deprecated. Instead, use the ISO C and C++ conformant name: _stricmp. See online help for details.
D:\GENFrameWork\ThirdPartyLibraries\agg\src\platform\win32\agg_platform_support.cpp(1149,17): warning C4996: 'strcat': This function or variable may be unsafe. Consider using strcat_s instead. To disable deprecation, use _CRT_SECURE_NO_WARNINGS. See online help for details.
  agg_win32_bmp.cpp
D:\GENFrameWork\ThirdPartyLibraries\agg\src\platform\win32\agg_win32_bmp.cpp(494,20): warning C4996: 'fopen': This function or variable may be unsafe. Consider using fopen_s instead. To disable deprecation, use _CRT_SECURE_NO_WARNINGS. See online help for details.
D:\GENFrameWork\ThirdPartyLibraries\agg\src\platform\win32\agg_win32_bmp.cpp(529,20): warning C4996: 'fopen': This function or variable may be unsafe. Consider using fopen_s instead. To disable deprecation, use _CRT_SECURE_NO_WARNINGS. See online help for details.
  gradients.cpp
D:\GENFrameWork\ThirdPartyLibraries\agg\examples\gradients.cpp(104,20): warning C4996: 'fopen': This function or variable may be unsafe. Consider using fopen_s instead. To disable deprecation, use _CRT_SECURE_NO_WARNINGS. See online help for details.
D:\GENFrameWork\ThirdPartyLibraries\agg\examples\gradients.cpp(249,20): warning C4996: 'fopen': This function or variable may be unsafe. Consider using fopen_s instead. To disable deprecation, use _CRT_SECURE_NO_WARNINGS. See online help for details.
D:\GENFrameWork\ThirdPartyLibraries\agg\examples\gradients.cpp(258,13): warning C4996: 'fscanf': This function or variable may be unsafe. Consider using fscanf_s instead. To disable deprecation, use _CRT_SECURE_NO_WARNINGS. See online help for details.
D:\GENFrameWork\ThirdPartyLibraries\agg\examples\gradients.cpp(259,13): warning C4996: 'fscanf': This function or variable may be unsafe. Consider using fscanf_s instead. To disable deprecation, use _CRT_SECURE_NO_WARNINGS. See online help for details.
D:\GENFrameWork\ThirdPartyLibraries\agg\examples\gradients.cpp(260,13): warning C4996: 'fscanf': This function or variable may be unsafe. Consider using fscanf_s instead. To disable deprecation, use _CRT_SECURE_NO_WARNINGS. See online help for details.
D:\GENFrameWork\ThirdPartyLibraries\agg\examples\gradients.cpp(261,13): warning C4996: 'fscanf': This function or variable may be unsafe. Consider using fscanf_s instead. To disable deprecation, use _CRT_SECURE_NO_WARNINGS. See online help for details.
D:\GENFrameWork\ThirdPartyLibraries\agg\examples\gradients.cpp(262,13): warning C4996: 'fscanf': This function or variable may be unsafe. Consider using fscanf_s instead. To disable deprecation, use _CRT_SECURE_NO_WARNINGS. See online help for details.
D:\GENFrameWork\ThirdPartyLibraries\agg\examples\gradients.cpp(263,13): warning C4996: 'fscanf': This function or variable may be unsafe. Consider using fscanf_s instead. To disable deprecation, use _CRT_SECURE_NO_WARNINGS. See online help for details.
D:\GENFrameWork\ThirdPartyLibraries\agg\examples\gradients.cpp(264,13): warning C4996: 'fscanf': This function or variable may be unsafe. Consider using fscanf_s instead. To disable deprecation, use _CRT_SECURE_NO_WARNINGS. See online help for details.
D:\GENFrameWork\ThirdPartyLibraries\agg\examples\gradients.cpp(265,13): warning C4996: 'fscanf': This function or variable may be unsafe. Consider using fscanf_s instead. To disable deprecation, use _CRT_SECURE_NO_WARNINGS. See online help for details.
D:\GENFrameWork\ThirdPartyLibraries\agg\examples\gradients.cpp(266,13): warning C4996: 'fscanf': This function or variable may be unsafe. Consider using fscanf_s instead. To disable deprecation, use _CRT_SECURE_NO_WARNINGS. See online help for details.
D:\GENFrameWork\ThirdPartyLibraries\agg\examples\gradients.cpp(267,13): warning C4996: 'fscanf': This function or variable may be unsafe. Consider using fscanf_s instead. To disable deprecation, use _CRT_SECURE_NO_WARNINGS. See online help for details.
D:\GENFrameWork\ThirdPartyLibraries\agg\examples\gradients.cpp(268,13): warning C4996: 'fscanf': This function or variable may be unsafe. Consider using fscanf_s instead. To disable deprecation, use _CRT_SECURE_NO_WARNINGS. See online help for details.
D:\GENFrameWork\ThirdPartyLibraries\agg\examples\gradients.cpp(269,13): warning C4996: 'fscanf': This function or variable may be unsafe. Consider using fscanf_s instead. To disable deprecation, use _CRT_SECURE_NO_WARNINGS. See online help for details.
D:\GENFrameWork\ThirdPartyLibraries\agg\examples\gradients.cpp(270,13): warning C4996: 'fscanf': This function or variable may be unsafe. Consider using fscanf_s instead. To disable deprecation, use _CRT_SECURE_NO_WARNINGS. See online help for details.
D:\GENFrameWork\ThirdPartyLibraries\agg\examples\gradients.cpp(271,13): warning C4996: 'fscanf': This function or variable may be unsafe. Consider using fscanf_s instead. To disable deprecation, use _CRT_SECURE_NO_WARNINGS. See online help for details.
D:\GENFrameWork\ThirdPartyLibraries\agg\examples\gradients.cpp(272,13): warning C4996: 'fscanf': This function or variable may be unsafe. Consider using fscanf_s instead. To disable deprecation, use _CRT_SECURE_NO_WARNINGS. See online help for details.
D:\GENFrameWork\ThirdPartyLibraries\agg\examples\gradients.cpp(273,13): warning C4996: 'fscanf': This function or variable may be unsafe. Consider using fscanf_s instead. To disable deprecation, use _CRT_SECURE_NO_WARNINGS. See online help for details.
D:\GENFrameWork\ThirdPartyLibraries\agg\examples\gradients.cpp(274,13): warning C4996: 'fscanf': This function or variable may be unsafe. Consider using fscanf_s instead. To disable deprecation, use _CRT_SECURE_NO_WARNINGS. See online help for details.
D:\GENFrameWork\ThirdPartyLibraries\agg\examples\gradients.cpp(275,13): warning C4996: 'fscanf': This function or variable may be unsafe. Consider using fscanf_s instead. To disable deprecation, use _CRT_SECURE_NO_WARNINGS. See online help for details.
D:\GENFrameWork\ThirdPartyLibraries\agg\examples\gradients.cpp(276,13): warning C4996: 'fscanf': This function or variable may be unsafe. Consider using fscanf_s instead. To disable deprecation, use _CRT_SECURE_NO_WARNINGS. See online help for details.
D:\GENFrameWork\ThirdPartyLibraries\agg\examples\gradients.cpp(277,13): warning C4996: 'fscanf': This function or variable may be unsafe. Consider using fscanf_s instead. To disable deprecation, use _CRT_SECURE_NO_WARNINGS. See online help for details.
D:\GENFrameWork\ThirdPartyLibraries\agg\examples\gradients.cpp(278,13): warning C4996: 'fscanf': This function or variable may be unsafe. Consider using fscanf_s instead. To disable deprecation, use _CRT_SECURE_NO_WARNINGS. See online help for details.
D:\GENFrameWork\ThirdPartyLibraries\agg\examples\gradients.cpp(279,13): warning C4996: 'fscanf': This function or variable may be unsafe. Consider using fscanf_s instead. To disable deprecation, use _CRT_SECURE_NO_WARNINGS. See online help for details.
D:\GENFrameWork\ThirdPartyLibraries\agg\examples\gradients.cpp(280,13): warning C4996: 'fscanf': This function or variable may be unsafe. Consider using fscanf_s instead. To disable deprecation, use _CRT_SECURE_NO_WARNINGS. See online help for details.
D:\GENFrameWork\ThirdPartyLibraries\agg\examples\gradients.cpp(281,13): warning C4996: 'fscanf': This function or variable may be unsafe. Consider using fscanf_s instead. To disable deprecation, use _CRT_SECURE_NO_WARNINGS. See online help for details.
D:\GENFrameWork\ThirdPartyLibraries\agg\examples\gradients.cpp(282,13): warning C4996: 'fscanf': This function or variable may be unsafe. Consider using fscanf_s instead. To disable deprecation, use _CRT_SECURE_NO_WARNINGS. See online help for details.
D:\GENFrameWork\ThirdPartyLibraries\agg\examples\gradients.cpp(283,13): warning C4996: 'fscanf': This function or variable may be unsafe. Consider using fscanf_s instead. To disable deprecation, use _CRT_SECURE_NO_WARNINGS. See online help for details.
D:\GENFrameWork\ThirdPartyLibraries\agg\examples\gradients.cpp(284,13): warning C4996: 'fscanf': This function or variable may be unsafe. Consider using fscanf_s instead. To disable deprecation, use _CRT_SECURE_NO_WARNINGS. See online help for details.
D:\GENFrameWork\ThirdPartyLibraries\agg\examples\gradients.cpp(285,13): warning C4996: 'fscanf': This function or variable may be unsafe. Consider using fscanf_s instead. To disable deprecation, use _CRT_SECURE_NO_WARNINGS. See online help for details.
D:\GENFrameWork\ThirdPartyLibraries\agg\examples\gradients.cpp(286,13): warning C4996: 'fscanf': This function or variable may be unsafe. Consider using fscanf_s instead. To disable deprecation, use _CRT_SECURE_NO_WARNINGS. See online help for details.
D:\GENFrameWork\ThirdPartyLibraries\agg\examples\gradients.cpp(287,13): warning C4996: 'fscanf': This function or variable may be unsafe. Consider using fscanf_s instead. To disable deprecation, use _CRT_SECURE_NO_WARNINGS. See online help for details.
D:\GENFrameWork\ThirdPartyLibraries\agg\examples\gradients.cpp(288,13): warning C4996: 'fscanf': This function or variable may be unsafe. Consider using fscanf_s instead. To disable deprecation, use _CRT_SECURE_NO_WARNINGS. See online help for details.
D:\GENFrameWork\ThirdPartyLibraries\agg\examples\gradients.cpp(289,13): warning C4996: 'fscanf': This function or variable may be unsafe. Consider using fscanf_s instead. To disable deprecation, use _CRT_SECURE_NO_WARNINGS. See online help for details.
D:\GENFrameWork\ThirdPartyLibraries\agg\examples\gradients.cpp(290,13): warning C4996: 'fscanf': This function or variable may be unsafe. Consider using fscanf_s instead. To disable deprecation, use _CRT_SECURE_NO_WARNINGS. See online help for details.
D:\GENFrameWork\ThirdPartyLibraries\agg\examples\gradients.cpp(291,13): warning C4996: 'fscanf': This function or variable may be unsafe. Consider using fscanf_s instead. To disable deprecation, use _CRT_SECURE_NO_WARNINGS. See online help for details.
D:\GENFrameWork\ThirdPartyLibraries\agg\examples\gradients.cpp(292,13): warning C4996: 'fscanf': This function or variable may be unsafe. Consider using fscanf_s instead. To disable deprecation, use _CRT_SECURE_NO_WARNINGS. See online help for details.
D:\GENFrameWork\ThirdPartyLibraries\agg\examples\gradients.cpp(293,13): warning C4996: 'fscanf': This function or variable may be unsafe. Consider using fscanf_s instead. To disable deprecation, use _CRT_SECURE_NO_WARNINGS. See online help for details.
D:\GENFrameWork\ThirdPartyLibraries\agg\examples\gradients.cpp(294,13): warning C4996: 'fscanf': This function or variable may be unsafe. Consider using fscanf_s instead. To disable deprecation, use _CRT_SECURE_NO_WARNINGS. See online help for details.
D:\GENFrameWork\ThirdPartyLibraries\agg\examples\gradients.cpp(295,13): warning C4996: 'fscanf': This function or variable may be unsafe. Consider using fscanf_s instead. To disable deprecation, use _CRT_SECURE_NO_WARNINGS. See online help for details.
D:\GENFrameWork\ThirdPartyLibraries\agg\examples\gradients.cpp(296,13): warning C4996: 'fscanf': This function or variable may be unsafe. Consider using fscanf_s instead. To disable deprecation, use _CRT_SECURE_NO_WARNINGS. See online help for details.
D:\GENFrameWork\ThirdPartyLibraries\agg\examples\gradients.cpp(297,13): warning C4996: 'fscanf': This function or variable may be unsafe. Consider using fscanf_s instead. To disable deprecation, use _CRT_SECURE_NO_WARNINGS. See online help for details.
D:\GENFrameWork\ThirdPartyLibraries\agg\examples\gradients.cpp(298,13): warning C4996: 'fscanf': This function or variable may be unsafe. Consider using fscanf_s instead. To disable deprecation, use _CRT_SECURE_NO_WARNINGS. See online help for details.
D:\GENFrameWork\ThirdPartyLibraries\agg\examples\gradients.cpp(299,13): warning C4996: 'fscanf': This function or variable may be unsafe. Consider using fscanf_s instead. To disable deprecation, use _CRT_SECURE_NO_WARNINGS. See online help for details.
D:\GENFrameWork\ThirdPartyLibraries\agg\examples\gradients.cpp(300,13): warning C4996: 'fscanf': This function or variable may be unsafe. Consider using fscanf_s instead. To disable deprecation, use _CRT_SECURE_NO_WARNINGS. See online help for details.
D:\GENFrameWork\ThirdPartyLibraries\agg\examples\gradients.cpp(301,13): warning C4996: 'fscanf': This function or variable may be unsafe. Consider using fscanf_s instead. To disable deprecation, use _CRT_SECURE_NO_WARNINGS. See online help for details.
D:\GENFrameWork\ThirdPartyLibraries\agg\examples\gradients.cpp(302,13): warning C4996: 'fscanf': This function or variable may be unsafe. Consider using fscanf_s instead. To disable deprecation, use _CRT_SECURE_NO_WARNINGS. See online help for details.
D:\GENFrameWork\ThirdPartyLibraries\agg\examples\gradients.cpp(303,13): warning C4996: 'fscanf': This function or variable may be unsafe. Consider using fscanf_s instead. To disable deprecation, use _CRT_SECURE_NO_WARNINGS. See online help for details.
D:\GENFrameWork\ThirdPartyLibraries\agg\examples\gradients.cpp(304,13): warning C4996: 'fscanf': This function or variable may be unsafe. Consider using fscanf_s instead. To disable deprecation, use _CRT_SECURE_NO_WARNINGS. See online help for details.
D:\GENFrameWork\ThirdPartyLibraries\agg\examples\gradients.cpp(305,13): warning C4996: 'fscanf': This function or variable may be unsafe. Consider using fscanf_s instead. To disable deprecation, use _CRT_SECURE_NO_WARNINGS. See online help for details.
D:\GENFrameWork\ThirdPartyLibraries\agg\examples\gradients.cpp(306,13): warning C4996: 'fscanf': This function or variable may be unsafe. Consider using fscanf_s instead. To disable deprecation, use _CRT_SECURE_NO_WARNINGS. See online help for details.
D:\GENFrameWork\ThirdPartyLibraries\agg\examples\gradients.cpp(307,13): warning C4996: 'fscanf': This function or variable may be unsafe. Consider using fscanf_s instead. To disable deprecation, use _CRT_SECURE_NO_WARNINGS. See online help for details.
D:\GENFrameWork\ThirdPartyLibraries\agg\examples\gradients.cpp(308,13): warning C4996: 'fscanf': This function or variable may be unsafe. Consider using fscanf_s instead. To disable deprecation, use _CRT_SECURE_NO_WARNINGS. See online help for details.
D:\GENFrameWork\ThirdPartyLibraries\agg\examples\gradients.cpp(309,13): warning C4996: 'fscanf': This function or variable may be unsafe. Consider using fscanf_s instead. To disable deprecation, use _CRT_SECURE_NO_WARNINGS. See online help for details.
D:\GENFrameWork\ThirdPartyLibraries\agg\examples\gradients.cpp(314,13): warning C4996: 'fscanf': This function or variable may be unsafe. Consider using fscanf_s instead. To disable deprecation, use _CRT_SECURE_NO_WARNINGS. See online help for details.
D:\GENFrameWork\ThirdPartyLibraries\agg\examples\gradients.cpp(315,13): warning C4996: 'fscanf': This function or variable may be unsafe. Consider using fscanf_s instead. To disable deprecation, use _CRT_SECURE_NO_WARNINGS. See online help for details.
D:\GENFrameWork\ThirdPartyLibraries\agg\examples\gradients.cpp(316,13): warning C4996: 'fscanf': This function or variable may be unsafe. Consider using fscanf_s instead. To disable deprecation, use _CRT_SECURE_NO_WARNINGS. See online help for details.
D:\GENFrameWork\ThirdPartyLibraries\agg\examples\gradients.cpp(317,13): warning C4996: 'fscanf': This function or variable may be unsafe. Consider using fscanf_s instead. To disable deprecation, use _CRT_SECURE_NO_WARNINGS. See online help for details.
D:\GENFrameWork\ThirdPartyLibraries\agg\examples\gradients.cpp(483,24): warning C4996: 'fopen': This function or variable may be unsafe. Consider using fopen_s instead. To disable deprecation, use _CRT_SECURE_NO_WARNINGS. See online help for details.
D:\GENFrameWork\ThirdPartyLibraries\agg\examples\gradients.cpp(495,18): warning C4996: 'fopen': This function or variable may be unsafe. Consider using fopen_s instead. To disable deprecation, use _CRT_SECURE_NO_WARNINGS. See online help for details.
  Generating Code...
  gradients.vcxproj -> D:\GENFrameWork\ThirdPartyLibraries\agg\examples\win32_api\gradients\Debug\gradients.exe
